TN:
SF:src/image-converter.ts
FN:9,(anonymous_20)
FN:9,(anonymous_21)
FN:20,(anonymous_23)
FN:20,(anonymous_24)
FNF:4
FNH:0
FNDA:0,(anonymous_20)
FNDA:0,(anonymous_21)
FNDA:0,(anonymous_23)
FNDA:0,(anonymous_24)
DA:1,2
DA:2,2
DA:3,2
DA:5,2
DA:7,2
DA:9,2
DA:10,0
DA:11,0
DA:12,0
DA:14,0
DA:15,0
DA:16,0
DA:20,2
DA:21,0
DA:24,0
DA:26,0
DA:27,0
DA:29,0
DA:30,0
DA:31,0
DA:33,0
DA:34,0
DA:39,0
DA:40,0
DA:44,0
LF:25
LH:7
BRF:0
BRH:0
end_of_record
TN:
SF:src/logger.ts
FN:9,(anonymous_2)
FN:13,(anonymous_3)
FN:36,(anonymous_4)
FN:45,(anonymous_5)
FN:59,(anonymous_6)
FN:73,(anonymous_7)
FN:88,(anonymous_8)
FNF:7
FNH:3
FNDA:0,(anonymous_2)
FNDA:2,(anonymous_3)
FNDA:16,(anonymous_4)
FNDA:0,(anonymous_5)
FNDA:0,(anonymous_6)
FNDA:0,(anonymous_7)
FNDA:16,(anonymous_8)
DA:1,2
DA:6,2
DA:7,2
DA:9,2
DA:10,0
DA:13,2
DA:14,2
DA:15,0
DA:20,2
DA:21,2
DA:27,0
DA:33,2
DA:34,2
DA:36,2
DA:37,16
DA:38,0
DA:39,0
DA:40,0
DA:41,16
DA:45,2
DA:46,0
DA:59,2
DA:60,0
DA:73,2
DA:74,0
DA:88,2
DA:89,16
DA:98,2
DA:99,2
LF:29
LH:20
BRDA:14,0,0,0
BRDA:14,0,1,2
BRDA:20,1,0,2
BRDA:20,1,1,0
BRDA:33,2,0,0
BRDA:33,2,1,2
BRDA:33,3,0,2
BRDA:33,3,1,2
BRDA:33,4,0,0
BRDA:33,4,1,2
BRDA:33,5,0,2
BRDA:33,5,1,2
BRDA:38,6,0,0
BRDA:38,6,1,0
BRDA:38,6,2,0
BRDA:38,6,3,16
BRDA:47,7,0,0
BRDA:47,7,1,0
BRDA:47,8,0,0
BRDA:47,8,1,0
BRDA:61,9,0,0
BRDA:61,9,1,0
BRDA:61,10,0,0
BRDA:61,10,1,0
BRDA:75,11,0,0
BRDA:75,11,1,0
BRDA:75,12,0,0
BRDA:75,12,1,0
BRDA:91,13,0,0
BRDA:91,13,1,16
BRDA:91,14,0,16
BRDA:91,14,1,16
BRF:32
BRH:12
end_of_record
TN:
SF:src/pdf-service.ts
FN:26,(anonymous_20)
FN:30,(anonymous_21)
FN:30,(anonymous_22)
FN:55,(anonymous_24)
FN:55,(anonymous_25)
FN:93,(anonymous_27)
FN:93,(anonymous_28)
FN:95,(anonymous_30)
FN:134,(anonymous_33)
FN:135,(anonymous_34)
FN:138,(anonymous_35)
FN:143,(anonymous_36)
FN:148,(anonymous_37)
FN:161,(anonymous_38)
FN:161,(anonymous_39)
FN:179,(anonymous_41)
FNF:16
FNH:16
FNDA:33,(anonymous_20)
FNDA:6,(anonymous_21)
FNDA:6,(anonymous_22)
FNDA:21,(anonymous_24)
FNDA:21,(anonymous_25)
FNDA:8,(anonymous_27)
FNDA:8,(anonymous_28)
FNDA:16,(anonymous_30)
FNDA:5,(anonymous_33)
FNDA:5,(anonymous_34)
FNDA:3,(anonymous_35)
FNDA:1,(anonymous_36)
FNDA:1,(anonymous_37)
FNDA:4,(anonymous_38)
FNDA:4,(anonymous_39)
FNDA:29,(anonymous_41)
DA:1,6
DA:2,6
DA:3,6
DA:4,6
DA:5,6
DA:6,6
DA:8,6
DA:9,6
DA:11,6
DA:12,6
DA:14,6
DA:17,6
DA:26,34
DA:27,33
DA:30,6
DA:33,6
DA:34,6
DA:35,6
DA:37,1
DA:38,1
DA:41,5
DA:43,4
DA:44,4
DA:46,1
DA:55,21
DA:56,21
DA:60,21
DA:63,11
DA:64,1
DA:66,10
DA:69,10
DA:71,10
DA:72,8
DA:73,16
DA:74,8
DA:75,8
DA:76,8
DA:81,16
DA:82,3
DA:84,5
DA:85,5
DA:86,2
DA:88,3
DA:89,2
DA:93,8
DA:95,8
DA:96,8
DA:97,8
DA:98,8
DA:100,7
DA:101,2
DA:104,5
DA:106,5
DA:110,5
DA:113,5
DA:115,2
DA:116,2
DA:119,3
DA:120,3
DA:122,3
DA:124,6
DA:126,6
DA:129,8
DA:131,8
DA:134,6
DA:135,5
DA:136,5
DA:137,5
DA:139,3
DA:140,3
DA:141,3
DA:142,3
DA:144,1
DA:145,1
DA:149,1
DA:150,1
DA:153,5
DA:161,6
DA:162,4
DA:164,4
DA:165,2
DA:166,2
DA:167,2
DA:168,2
DA:169,4
DA:170,1
DA:171,1
DA:173,3
DA:174,3
DA:175,2
DA:179,6
DA:180,29
DA:181,29
DA:182,29
DA:183,29
LF:95
LH:95
BRDA:26,0,0,1
BRDA:26,0,1,32
BRDA:41,1,0,1
BRDA:41,1,1,4
BRDA:63,2,0,1
BRDA:63,2,1,10
BRDA:66,3,0,10
BRDA:66,3,1,0
BRDA:69,4,0,1
BRDA:69,4,1,9
BRDA:71,5,0,1
BRDA:71,5,1,8
BRDA:76,6,0,1
BRDA:76,6,1,7
BRDA:85,7,0,3
BRDA:85,7,1,2
BRDA:88,8,0,1
BRDA:88,8,1,2
BRDA:98,9,0,1
BRDA:98,9,1,7
BRDA:100,10,0,2
BRDA:100,10,1,5
BRDA:174,11,0,1
BRDA:174,11,1,2
BRF:24
BRH:23
end_of_record
TN:
SF:src/s3-client.ts
FN:24,(anonymous_14)
FN:24,(anonymous_15)
FN:60,(anonymous_17)
FN:60,(anonymous_18)
FN:86,(anonymous_20)
FN:86,(anonymous_21)
FNF:6
FNH:6
FNDA:5,(anonymous_14)
FNDA:5,(anonymous_15)
FNDA:3,(anonymous_17)
FNDA:3,(anonymous_18)
FNDA:3,(anonymous_20)
FNDA:3,(anonymous_21)
DA:1,4
DA:2,4
DA:4,4
DA:5,4
DA:8,4
DA:9,4
DA:12,4
DA:14,4
DA:16,4
DA:24,5
DA:26,5
DA:27,3
DA:28,3
DA:29,3
DA:32,2
DA:34,2
DA:35,2
DA:39,2
DA:43,2
DA:44,1
DA:45,1
DA:48,2
DA:50,2
DA:56,2
DA:60,4
DA:61,3
DA:69,3
DA:71,3
DA:73,6
DA:75,2
DA:76,2
DA:77,2
DA:78,1
DA:80,1
DA:82,1
DA:83,1
DA:86,4
DA:87,3
DA:92,3
DA:93,3
DA:95,3
DA:96,1
DA:102,2
DA:103,1
DA:105,1
DA:106,1
DA:107,1
LF:47
LH:47
BRDA:8,0,0,0
BRDA:8,0,1,4
BRDA:8,1,0,4
BRDA:8,1,1,4
BRDA:9,2,0,0
BRDA:9,2,1,4
BRDA:9,3,0,4
BRDA:9,3,1,4
BRDA:12,4,0,3
BRDA:12,4,1,1
BRDA:12,5,0,4
BRDA:12,5,1,4
BRDA:17,6,0,0
BRDA:17,6,1,4
BRDA:16,7,0,4
BRDA:16,7,1,0
BRDA:26,8,0,3
BRDA:26,8,1,2
BRDA:34,9,0,2
BRDA:34,9,1,0
BRDA:39,10,0,2
BRDA:43,11,0,1
BRDA:43,11,1,1
BRDA:50,12,0,2
BRDA:50,12,1,2
BRDA:51,13,0,2
BRDA:51,13,1,0
BRDA:53,14,0,2
BRDA:53,14,1,2
BRDA:76,15,0,0
BRDA:76,15,1,2
BRDA:77,16,0,1
BRDA:77,16,1,1
BRDA:77,17,0,1
BRDA:77,17,1,1
BRDA:77,18,0,2
BRDA:77,18,1,2
BRDA:102,19,0,1
BRDA:102,19,1,1
BRDA:102,20,0,1
BRDA:102,20,1,1
BRDA:102,21,0,2
BRDA:102,21,1,2
BRDA:105,22,0,1
BRDA:105,22,1,0
BRDA:105,23,0,1
BRDA:105,23,1,1
BRF:47
BRH:39
end_of_record
TN:
SF:src/models/PDFMetadata.ts
FN:6,(anonymous_2)
FN:27,PDFMetadata
FNF:2
FNH:2
FNDA:2,(anonymous_2)
FNDA:2,PDFMetadata
DA:1,2
DA:6,2
DA:10,2
DA:17,2
DA:25,2
DA:28,2
DA:29,2
DA:30,2
DA:32,2
LF:9
LH:9
BRF:0
BRH:0
end_of_record
TN:
SF:src/routers/app.router.ts
FN:13,(anonymous_20)
FN:13,(anonymous_21)
FN:21,(anonymous_23)
FN:35,(anonymous_24)
FN:35,(anonymous_25)
FN:71,(anonymous_27)
FN:71,(anonymous_28)
FN:93,(anonymous_30)
FN:93,(anonymous_31)
FNF:9
FNH:9
FNDA:16,(anonymous_20)
FNDA:16,(anonymous_21)
FNDA:163,(anonymous_23)
FNDA:16,(anonymous_24)
FNDA:16,(anonymous_25)
FNDA:11,(anonymous_27)
FNDA:11,(anonymous_28)
FNDA:12,(anonymous_30)
FNDA:12,(anonymous_31)
DA:1,1
DA:2,1
DA:3,1
DA:5,1
DA:6,1
DA:8,1
DA:9,1
DA:13,16
DA:15,16
DA:16,16
DA:17,16
DA:18,16
DA:19,16
DA:20,7
DA:21,163
DA:23,7
DA:24,7
DA:28,9
DA:29,9
DA:30,9
DA:32,7
DA:35,16
DA:36,16
DA:37,16
DA:41,16
DA:42,1
DA:43,1
DA:47,15
DA:48,1
DA:49,1
DA:52,14
DA:53,4
DA:54,4
DA:57,10
DA:59,10
DA:61,10
DA:62,1
DA:64,9
DA:65,9
DA:71,11
DA:72,11
DA:74,11
DA:75,1
DA:76,1
DA:78,10
DA:79,10
DA:80,10
DA:81,10
DA:83,10
DA:84,1
DA:86,1
DA:88,9
DA:93,12
DA:94,12
DA:95,12
DA:97,12
DA:98,1
DA:99,1
DA:103,11
DA:104,11
DA:106,1
DA:107,1
DA:112,10
DA:114,9
DA:115,9
DA:118,1
DA:119,1
LF:67
LH:67
BRDA:41,0,0,1
BRDA:41,0,1,15
BRDA:47,1,0,1
BRDA:47,1,1,14
BRDA:52,2,0,4
BRDA:52,2,1,10
BRDA:74,3,0,1
BRDA:74,3,1,10
BRDA:97,4,0,1
BRDA:97,4,1,11
BRF:10
BRH:10
end_of_record
TN:
SF:src/util/error-handler.ts
FN:7,(anonymous_0)
FNF:1
FNH:1
FNDA:45,(anonymous_0)
DA:2,1
DA:3,1
DA:5,1
DA:7,1
DA:9,45
DA:11,45
DA:12,41
DA:13,41
DA:14,41
DA:16,4
DA:17,0
DA:18,0
DA:19,0
DA:21,4
DA:22,4
LF:15
LH:12
BRDA:11,0,0,41
BRDA:11,0,1,4
BRDA:12,1,0,41
BRDA:12,1,1,0
BRDA:12,2,0,41
BRDA:12,2,1,41
BRDA:16,3,0,0
BRDA:16,3,1,4
BRF:8
BRH:6
end_of_record
